16:27:33.909 [main] INFO  com.gulaev.Main - Client{clientId=1, firstName='Jone', lastName='Hall', passport=Passport(passportId=123, tin=123456789, dateOfIssue=Sun Jan 15 00:00:00 EET 2023, issuedBy=Some Authority)', bankCards=null'}
16:36:13.124 [main] INFO  com.gulaev.Main - Client{clientId=1, firstName='Jone', lastName='Hall', passport=Passport(passportId=123, tin=123456789, dateOfIssue=Sun Jan 15 00:00:00 EET 2023, issuedBy=Some Authority)', bankCards=null'}
16:40:29.793 [main] INFO  com.gulaev.Main - Client{clientId=1, firstName='Jone', lastName='Hall', passport=Passport(passportId=123, tin=123456789, dateOfIssue=Sun Jan 15 00:00:00 EET 2023, issuedBy=Some Authority)', bankCards=null'}
16:40:54.485 [main] INFO  com.gulaev.Main - Client{clientId=1, firstName='Jone', lastName='Hall', passport=Passport(passportId=123, tin=123456789, dateOfIssue=Sun Jan 15 00:00:00 EET 2023, issuedBy=Some Authority)', bankCards=null'}
21:13:23.258 [main] INFO  com.gulaev.Main - Client{clientId=1, firstName='Jone', lastName='Hall', passport=Passport(passportId=123, tin=123456789, dateOfIssue=Sun Jan 15 00:00:00 EET 2023, issuedBy=Some Authority)', bankCards=null'}
21:13:45.316 [main] INFO  com.gulaev.Main - Client{clientId=1, firstName='Jone', lastName='Hall', passport=Passport(passportId=123, tin=123456789, dateOfIssue=Sun Jan 15 00:00:00 EET 2023, issuedBy=Some Authority)', bankCards=null'}
21:14:33.655 [main] INFO  com.gulaev.Main - Client{clientId=1, firstName='Jone', lastName='Hall', passport=Passport(passportId=123, tin=123456789, dateOfIssue=Sun Jan 15 00:00:00 EET 2023, issuedBy=Some Authority)', bankCards=null'}
21:14:52.774 [main] INFO  com.gulaev.Main - Client{clientId=1, firstName='Jone', lastName='Hall', passport=Passport(passportId=123, tin=123456789, dateOfIssue=Sun Jan 15 00:00:00 EET 2023, issuedBy=Some Authority)', bankCards=[BankCard(bankCardId=null, cardNumber=null, dateEnd=null, cvv=null, nameOnCard=null, clientId=null)]'}
21:17:30.615 [main] INFO  com.gulaev.Main - Client{clientId=1, firstName='Jone', lastName='Hall', passport=Passport(passportId=123, tin=123456789, dateOfIssue=Sun Jan 15 00:00:00 EET 2023, issuedBy=Some Authority)', bankCards=[BankCard(bankCardId=null, cardNumber=null, dateEnd=null, cvv=null, nameOnCard=null, clientId=null)]'}
21:18:20.103 [main] INFO  com.gulaev.Main - Client{clientId=1, firstName='Jone', lastName='Hall', passport=Passport(passportId=123, tin=123456789, dateOfIssue=Sun Jan 15 00:00:00 EET 2023, issuedBy=Some Authority)', bankCards=[BankCard(bankCardId=null, cardNumber=null, dateEnd=null, cvv=null, nameOnCard=null, clientId=null)]'}
21:18:39.976 [main] INFO  com.gulaev.Main - Client{clientId=1, firstName='Jone', lastName='Hall', passport=Passport(passportId=123, tin=123456789, dateOfIssue=Sun Jan 15 00:00:00 EET 2023, issuedBy=Some Authority)', bankCards=[BankCard(bankCardId=null, cardNumber=null, dateEnd=null, cvv=null, nameOnCard=null, clientId=null)]'}
21:22:45.084 [main] INFO  com.gulaev.Main - Client{clientId=1, firstName='Jone', lastName='Hall', passport=Passport(passportId=123, tin=123456789, dateOfIssue=Sun Jan 15 00:00:00 EET 2023, issuedBy=Some Authority)', bankCards=[BankCard(bankCardId=null, cardNumber=null, dateEnd=null, cvv=null, nameOnCard=null, clientId=null)]'}
21:23:04.073 [main] INFO  com.gulaev.Main - Client{clientId=1, firstName='Jone', lastName='Hall', passport=Passport(passportId=123, tin=123456789, dateOfIssue=Sun Jan 15 00:00:00 EET 2023, issuedBy=Some Authority)', bankCards=[BankCard(bankCardId=null, cardNumber=null, dateEnd=null, cvv=null, nameOnCard=null, clientId=null)]'}
21:30:07.629 [main] INFO  com.gulaev.Main - Client{clientId=1, firstName='Jone', lastName='Hall', passport=Passport(passportId=123, tin=123456789, dateOfIssue=Sun Jan 15 00:00:00 EET 2023, issuedBy=Some Authority)', bankCards=[BankCard(bankCardId=null, cardNumber=null, dateEnd=null, cvv=null, nameOnCard=null, clientId=null)]'}
21:30:32.723 [main] INFO  com.gulaev.Main - Client{clientId=1, firstName='Jone', lastName='Hall', passport=Passport(passportId=123, tin=123456789, dateOfIssue=Sun Jan 15 00:00:00 EET 2023, issuedBy=Some Authority)', bankCards=[BankCard(bankCardId=null, cardNumber=null, dateEnd=null, cvv=null, nameOnCard=null, clientId=null)]'}
21:31:14.738 [main] INFO  com.gulaev.Main - Client{clientId=1, firstName='Jone', lastName='Hall', passport=Passport(passportId=123, tin=123456789, dateOfIssue=Sun Jan 15 00:00:00 EET 2023, issuedBy=Some Authority)', bankCards=[BankCard(bankCardId=null, cardNumber=null, dateEnd=null, cvv=null, nameOnCard=null, clientId=null)]'}
21:34:11.203 [main] INFO  com.gulaev.Main - Client{clientId=1, firstName='Jone', lastName='Hall', passport=Passport(passportId=123, tin=123456789, dateOfIssue=Sun Jan 15 00:00:00 EET 2023, issuedBy=Some Authority)', bankCards=[]'}
21:38:16.958 [main] INFO  com.gulaev.Main - Client{clientId=1, firstName='Jone', lastName='Hall', passport=Passport(passportId=123, tin=123456789, dateOfIssue=Sun Jan 15 00:00:00 EET 2023, issuedBy=Some Authority)', bankCards=[]'}
21:39:55.070 [main] INFO  com.gulaev.Main - Client{clientId=1, firstName='Jone', lastName='Hall', passport=Passport(passportId=123, tin=123456789, dateOfIssue=Sun Jan 15 00:00:00 EET 2023, issuedBy=Some Authority)', bankCards=[BankCard(bankCardId=null, cardNumber=null, dateEnd=null, cvv=null, nameOnCard=null, clientId=null)]'}
21:41:30.073 [main] INFO  com.gulaev.Main - Client{clientId=1, firstName='Jone', lastName='Hall', passport=Passport(passportId=123, tin=123456789, dateOfIssue=Sun Jan 15 00:00:00 EET 2023, issuedBy=Some Authority)', bankCards=[]'}
21:42:27.374 [main] INFO  com.gulaev.Main - Client{clientId=1, firstName='Jone', lastName='Hall', passport=Passport(passportId=123, tin=123456789, dateOfIssue=Sun Jan 15 00:00:00 EET 2023, issuedBy=Some Authority)', bankCards=[BankCard(bankCardId=null, cardNumber=null, dateEnd=null, cvv=null, nameOnCard=null, clientId=null)]'}
21:42:42.895 [main] INFO  com.gulaev.Main - Client{clientId=1, firstName='Jone', lastName='Hall', passport=Passport(passportId=123, tin=123456789, dateOfIssue=Sun Jan 15 00:00:00 EET 2023, issuedBy=Some Authority)', bankCards=[BankCard(bankCardId=null, cardNumber=null, dateEnd=null, cvv=null, nameOnCard=null, clientId=null)]'}
21:44:00.607 [main] INFO  com.gulaev.Main - Client{clientId=1, firstName='Jone', lastName='Hall', passport=Passport(passportId=123, tin=123456789, dateOfIssue=Sun Jan 15 00:00:00 EET 2023, issuedBy=Some Authority)', bankCards=[BankCard(bankCardId=null, cardNumber=null, dateEnd=null, cvv=null, nameOnCard=null, clientId=null)]'}
21:45:26.627 [main] INFO  com.gulaev.Main - Client{clientId=1, firstName='Jone', lastName='Hall', passport=Passport(passportId=123, tin=123456789, dateOfIssue=Sun Jan 15 00:00:00 EET 2023, issuedBy=Some Authority)', bankCards=[]'}
21:46:02.050 [main] INFO  com.gulaev.Main - Client{clientId=1, firstName='Jone', lastName='Hall', passport=Passport(passportId=123, tin=123456789, dateOfIssue=Sun Jan 15 00:00:00 EET 2023, issuedBy=Some Authority)', bankCards=[BankCard(bankCardId=2, cardNumber=4537 4567 3234 2342, dateEnd=Sat Dec 30 00:00:00 EET 2023, cvv=233, nameOnCard=John Jones, clientId=1), BankCard(bankCardId=2, cardNumber=4537 4567 3234 2342, dateEnd=Sat Dec 30 00:00:00 EET 2023, cvv=233, nameOnCard=John Jones, clientId=1)]'}
21:56:45.582 [main] INFO  com.gulaev.Main - Client{clientId=1, firstName='Jone', lastName='Hall', passport=Passport(passportId=123, tin=123456789, dateOfIssue=Sun Jan 15 00:00:00 EET 2023, issuedBy=Some Authority)', bankCards=[BankCard(bankCardId=2, cardNumber=4537 4567 3234 2342, dateEnd=Sat Dec 30 00:00:00 EET 2023, cvv=233, nameOnCard=John Jones, clientId=1), BankCard(bankCardId=2, cardNumber=4537 4567 3234 2342, dateEnd=Sat Dec 30 00:00:00 EET 2023, cvv=233, nameOnCard=John Jones, clientId=1)]'}
21:56:59.200 [main] INFO  com.gulaev.Main - Client{clientId=1, firstName='Jone', lastName='Hall', passport=Passport(passportId=123, tin=123456789, dateOfIssue=Sun Jan 15 00:00:00 EET 2023, issuedBy=Some Authority)', bankCards=[BankCard(bankCardId=2, cardNumber=4537 4567 3234 2342, dateEnd=Sat Dec 30 00:00:00 EET 2023, cvv=233, nameOnCard=John Jones, clientId=1), BankCard(bankCardId=2, cardNumber=4537 4567 3234 2342, dateEnd=Sat Dec 30 00:00:00 EET 2023, cvv=233, nameOnCard=John Jones, clientId=1)]'}
21:57:59.315 [main] INFO  com.gulaev.Main - Client{clientId=1, firstName='Jone', lastName='Hall', passport=Passport(passportId=123, tin=123456789, dateOfIssue=Sun Jan 15 00:00:00 EET 2023, issuedBy=Some Authority)', bankCards=[BankCard(bankCardId=2, cardNumber=4537 4567 3234 2342, dateEnd=Sat Dec 30 00:00:00 EET 2023, cvv=233, nameOnCard=John Jones, clientId=1), BankCard(bankCardId=2, cardNumber=4537 4567 3234 2342, dateEnd=Sat Dec 30 00:00:00 EET 2023, cvv=233, nameOnCard=John Jones, clientId=1)]'}
22:04:38.586 [main] INFO  com.gulaev.Main - Client{clientId=1, firstName='Jone', lastName='Hall', passport=Passport(passportId=123, tin=123456789, dateOfIssue=Sun Jan 15 00:00:00 EET 2023, issuedBy=Some Authority)', bankCards=[BankCard(bankCardId=2, cardNumber=4537 4567 3234 2342, dateEnd=Sat Dec 30 00:00:00 EET 2023, cvv=233, nameOnCard=John Jones, clientId=1), BankCard(bankCardId=2, cardNumber=4537 4567 3234 2342, dateEnd=Sat Dec 30 00:00:00 EET 2023, cvv=233, nameOnCard=John Jones, clientId=1)]'}
22:05:08.469 [main] INFO  com.gulaev.Main - Client{clientId=1, firstName='Jone', lastName='Hall', passport=Passport(passportId=123, tin=123456789, dateOfIssue=Sun Jan 15 00:00:00 EET 2023, issuedBy=Some Authority)', bankCards=[BankCard(bankCardId=2, cardNumber=4537 4567 3234 2342, dateEnd=Sat Dec 30 00:00:00 EET 2023, cvv=233, nameOnCard=John Jones, clientId=1), BankCard(bankCardId=2, cardNumber=4537 4567 3234 2342, dateEnd=Sat Dec 30 00:00:00 EET 2023, cvv=233, nameOnCard=John Jones, clientId=1)]'}
22:12:21.099 [main] INFO  com.gulaev.Main - [Client{clientId=1, firstName='Jone', lastName='Hall', passport=Passport(passportId=123, tin=123456789, dateOfIssue=Sun Jan 15 00:00:00 EET 2023, issuedBy=Some Authority)', bankCards=[BankCard(bankCardId=2, cardNumber=4537 4567 3234 2342, dateEnd=Sat Dec 30 00:00:00 EET 2023, cvv=233, nameOnCard=John Jones, clientId=1), BankCard(bankCardId=2, cardNumber=4537 4567 3234 2342, dateEnd=Sat Dec 30 00:00:00 EET 2023, cvv=233, nameOnCard=John Jones, clientId=1)]'}]
22:13:50.796 [main] INFO  com.gulaev.Main - [Client{clientId=1, firstName='Jone', lastName='Hall', passport=Passport(passportId=123, tin=123456789, dateOfIssue=Sun Jan 15 00:00:00 EET 2023, issuedBy=Some Authority)', bankCards=[BankCard(bankCardId=2, cardNumber=4537 4567 3234 2342, dateEnd=Sat Dec 30 00:00:00 EET 2023, cvv=233, nameOnCard=John Jones, clientId=1), BankCard(bankCardId=2, cardNumber=4537 4567 3234 2342, dateEnd=Sat Dec 30 00:00:00 EET 2023, cvv=233, nameOnCard=John Jones, clientId=1)]'}]
22:15:20.314 [main] INFO  com.gulaev.Main - [Client{clientId=1, firstName='Jone', lastName='Hall', passport=Passport(passportId=123, tin=123456789, dateOfIssue=Sun Jan 15 00:00:00 EET 2023, issuedBy=Some Authority)', bankCards=[BankCard(bankCardId=2, cardNumber=4537 4567 3234 2342, dateEnd=Sat Dec 30 00:00:00 EET 2023, cvv=233, nameOnCard=John Jones, clientId=1), BankCard(bankCardId=2, cardNumber=4537 4567 3234 2342, dateEnd=Sat Dec 30 00:00:00 EET 2023, cvv=233, nameOnCard=John Jones, clientId=1)]'}]
22:18:35.583 [main] INFO  com.gulaev.Main - [Client{clientId=1, firstName='Jone', lastName='Hall', passport=Passport(passportId=123, tin=123456789, dateOfIssue=Sun Jan 15 00:00:00 EET 2023, issuedBy=Some Authority)', bankCards=[BankCard(bankCardId=2, cardNumber=4537 4567 3234 2342, dateEnd=Sat Dec 30 00:00:00 EET 2023, cvv=233, nameOnCard=John Jones, clientId=1), BankCard(bankCardId=2, cardNumber=4537 4567 3234 2342, dateEnd=Sat Dec 30 00:00:00 EET 2023, cvv=233, nameOnCard=John Jones, clientId=1)]'}]
22:18:35.590 [main] INFO  com.gulaev.Main - [CaseType(caseTypeId=1, caseTypeName=Example Case Type, category=null, legalRequirements=Example legal requirements, feesStructure=Example fees structure, averageCaseCost=1000)]
22:18:35.596 [main] INFO  com.gulaev.Main - [BankCard(bankCardId=2, cardNumber=4537 4567 3234 2342, dateEnd=Sat Dec 30 00:00:00 EET 2023, cvv=233, nameOnCard=John Jones, clientId=1)]
22:18:35.602 [main] INFO  com.gulaev.Main - [Lawyer{lawyerId=1, firstName='John', lastName='Fran', officeRoomNumber=101, passport=Passport(passportId=123, tin=123456789, dateOfIssue=Sun Jan 15 00:00:00 EET 2023, issuedBy=Some Authority)}]
22:18:35.608 [main] INFO  com.gulaev.Main - [LawyersOffice(officeId=2, streetAddress=Example Street Address Number Two)]
22:24:31.975 [main] INFO  com.gulaev.Main - [Client{clientId=1, firstName='Jone', lastName='Hall', passport=Passport(passportId=123, tin=123456789, dateOfIssue=Sun Jan 15 00:00:00 EET 2023, issuedBy=Some Authority)', bankCards=[BankCard(bankCardId=2, cardNumber=4537 4567 3234 2342, dateEnd=Sat Dec 30 00:00:00 EET 2023, cvv=233, nameOnCard=John Jones, clientId=1), BankCard(bankCardId=2, cardNumber=4537 4567 3234 2342, dateEnd=Sat Dec 30 00:00:00 EET 2023, cvv=233, nameOnCard=John Jones, clientId=1)]'}]
22:24:31.984 [main] INFO  com.gulaev.Main - [CaseType(caseTypeId=1, caseTypeName=Example Case Type, category=null, legalRequirements=Example legal requirements, feesStructure=Example fees structure, averageCaseCost=1000)]
22:24:31.989 [main] INFO  com.gulaev.Main - [BankCard(bankCardId=2, cardNumber=4537 4567 3234 2342, dateEnd=Sat Dec 30 00:00:00 EET 2023, cvv=233, nameOnCard=John Jones, clientId=1)]
22:24:31.993 [main] INFO  com.gulaev.Main - [Lawyer{lawyerId=1, firstName='John', lastName='Fran', officeRoomNumber=101, passport=Passport(passportId=123, tin=123456789, dateOfIssue=Sun Jan 15 00:00:00 EET 2023, issuedBy=Some Authority)}]
22:24:31.995 [main] INFO  com.gulaev.Main - [LawyersOffice(officeId=2, streetAddress=Example Street Address Number Two)]
22:57:19.005 [main] INFO  com.gulaev.Main - [Client{clientId=1, firstName='Jone', lastName='Hall', passport=Passport(passportId=123, tin=123456789, dateOfIssue=Sun Jan 15 00:00:00 EET 2023, issuedBy=Some Authority)', bankCards=[BankCard(bankCardId=2, cardNumber=4537 4567 3234 2342, dateEnd=Sat Dec 30 00:00:00 EET 2023, cvv=233, nameOnCard=John Jones, clientId=1), BankCard(bankCardId=2, cardNumber=4537 4567 3234 2342, dateEnd=Sat Dec 30 00:00:00 EET 2023, cvv=233, nameOnCard=John Jones, clientId=1)]'}]
22:57:19.010 [main] INFO  com.gulaev.Main - [CaseType(caseTypeId=1, caseTypeName=Example Case Type, category=null, legalRequirements=Example legal requirements, feesStructure=Example fees structure, averageCaseCost=1000)]
22:57:19.012 [main] INFO  com.gulaev.Main - [BankCard(bankCardId=2, cardNumber=4537 4567 3234 2342, dateEnd=Sat Dec 30 00:00:00 EET 2023, cvv=233, nameOnCard=John Jones, clientId=1)]
22:57:19.015 [main] INFO  com.gulaev.Main - [Lawyer{lawyerId=1, firstName='John', lastName='Fran', officeRoomNumber=101, passport=Passport(passportId=123, tin=123456789, dateOfIssue=Sun Jan 15 00:00:00 EET 2023, issuedBy=Some Authority)}]
22:57:19.017 [main] INFO  com.gulaev.Main - [LawyersOffice(officeId=2, streetAddress=Example Street Address Number Two)]
23:14:24.788 [main] INFO  com.gulaev.Main - [Client{clientId=1, firstName='Jone', lastName='Hall', passport=Passport(passportId=123, tin=123456789, dateOfIssue=Sun Jan 15 00:00:00 EET 2023, issuedBy=Some Authority)', bankCards=[BankCard(bankCardId=2, cardNumber=4537 4567 3234 2342, dateEnd=Sat Dec 30 00:00:00 EET 2023, cvv=233, nameOnCard=John Jones, clientId=1), BankCard(bankCardId=2, cardNumber=4537 4567 3234 2342, dateEnd=Sat Dec 30 00:00:00 EET 2023, cvv=233, nameOnCard=John Jones, clientId=1)]'}]
23:14:24.793 [main] INFO  com.gulaev.Main - [CaseType(caseTypeId=1, caseTypeName=Example Case Type, category=null, legalRequirements=Example legal requirements, feesStructure=Example fees structure, averageCaseCost=1000)]
23:14:24.795 [main] INFO  com.gulaev.Main - [BankCard(bankCardId=2, cardNumber=4537 4567 3234 2342, dateEnd=Sat Dec 30 00:00:00 EET 2023, cvv=233, nameOnCard=John Jones, clientId=1)]
23:14:24.798 [main] INFO  com.gulaev.Main - [Lawyer{lawyerId=1, firstName='John', lastName='Fran', officeRoomNumber=101, passport=Passport(passportId=123, tin=123456789, dateOfIssue=Sun Jan 15 00:00:00 EET 2023, issuedBy=Some Authority)}]
23:14:24.800 [main] INFO  com.gulaev.Main - [LawyersOffice(officeId=2, streetAddress=Example Street Address Number Two)]
23:15:09.190 [main] INFO  com.gulaev.Main - [Client{clientId=1, firstName='Jone', lastName='Hall', passport=Passport(passportId=123, tin=123456789, dateOfIssue=Sun Jan 15 00:00:00 EET 2023, issuedBy=Some Authority)', bankCards=[BankCard(bankCardId=2, cardNumber=4537 4567 3234 2342, dateEnd=Sat Dec 30 00:00:00 EET 2023, cvv=233, nameOnCard=John Jones, clientId=1), BankCard(bankCardId=2, cardNumber=4537 4567 3234 2342, dateEnd=Sat Dec 30 00:00:00 EET 2023, cvv=233, nameOnCard=John Jones, clientId=1)]'}]
23:15:09.195 [main] INFO  com.gulaev.Main - [CaseType(caseTypeId=1, caseTypeName=Example Case Type, category=null, legalRequirements=Example legal requirements, feesStructure=Example fees structure, averageCaseCost=1000)]
23:15:09.197 [main] INFO  com.gulaev.Main - [BankCard(bankCardId=2, cardNumber=4537 4567 3234 2342, dateEnd=Sat Dec 30 00:00:00 EET 2023, cvv=233, nameOnCard=John Jones, clientId=1)]
23:15:09.200 [main] INFO  com.gulaev.Main - [Lawyer{lawyerId=1, firstName='John', lastName='Fran', officeRoomNumber=101, passport=Passport(passportId=123, tin=123456789, dateOfIssue=Sun Jan 15 00:00:00 EET 2023, issuedBy=Some Authority)}]
23:15:09.201 [main] INFO  com.gulaev.Main - [LawyersOffice(officeId=2, streetAddress=Example Street Address Number Two)]
23:15:32.692 [main] INFO  com.gulaev.Main - [Client{clientId=1, firstName='Jone', lastName='Hall', passport=Passport(passportId=123, tin=123456789, dateOfIssue=Sun Jan 15 00:00:00 EET 2023, issuedBy=Some Authority)', bankCards=[BankCard(bankCardId=2, cardNumber=4537 4567 3234 2342, dateEnd=Sat Dec 30 00:00:00 EET 2023, cvv=233, nameOnCard=John Jones, clientId=1), BankCard(bankCardId=2, cardNumber=4537 4567 3234 2342, dateEnd=Sat Dec 30 00:00:00 EET 2023, cvv=233, nameOnCard=John Jones, clientId=1)]'}]
23:15:32.696 [main] INFO  com.gulaev.Main - [CaseType(caseTypeId=1, caseTypeName=Example Case Type, category=null, legalRequirements=Example legal requirements, feesStructure=Example fees structure, averageCaseCost=1000)]
23:15:32.698 [main] INFO  com.gulaev.Main - [BankCard(bankCardId=2, cardNumber=4537 4567 3234 2342, dateEnd=Sat Dec 30 00:00:00 EET 2023, cvv=233, nameOnCard=John Jones, clientId=1)]
23:15:32.701 [main] INFO  com.gulaev.Main - [Lawyer{lawyerId=1, firstName='John', lastName='Fran', officeRoomNumber=101, passport=Passport(passportId=123, tin=123456789, dateOfIssue=Sun Jan 15 00:00:00 EET 2023, issuedBy=Some Authority)}]
23:15:32.703 [main] INFO  com.gulaev.Main - [LawyersOffice(officeId=2, streetAddress=Example Street Address Number Two)]
23:20:37.944 [main] INFO  com.gulaev.Main - [Client{clientId=1, firstName='Jone', lastName='Hall', passport=Passport(passportId=123, tin=123456789, dateOfIssue=Sun Jan 15 00:00:00 EET 2023, issuedBy=Some Authority)', bankCards=[BankCard(bankCardId=2, cardNumber=4537 4567 3234 2342, dateEnd=Sat Dec 30 00:00:00 EET 2023, cvv=233, nameOnCard=John Jones, clientId=1), BankCard(bankCardId=2, cardNumber=4537 4567 3234 2342, dateEnd=Sat Dec 30 00:00:00 EET 2023, cvv=233, nameOnCard=John Jones, clientId=1)]'}]
23:20:37.949 [main] INFO  com.gulaev.Main - [CaseType(caseTypeId=1, caseTypeName=Example Case Type, category=null, legalRequirements=Example legal requirements, feesStructure=Example fees structure, averageCaseCost=1000)]
23:20:37.951 [main] INFO  com.gulaev.Main - [BankCard(bankCardId=2, cardNumber=4537 4567 3234 2342, dateEnd=Sat Dec 30 00:00:00 EET 2023, cvv=233, nameOnCard=John Jones, clientId=1)]
23:20:37.954 [main] INFO  com.gulaev.Main - [Lawyer{lawyerId=1, firstName='John', lastName='Fran', officeRoomNumber=101, passport=Passport(passportId=123, tin=123456789, dateOfIssue=Sun Jan 15 00:00:00 EET 2023, issuedBy=Some Authority)}]
23:20:37.956 [main] INFO  com.gulaev.Main - [LawyersOffice(officeId=2, streetAddress=Example Street Address Number Two)]
23:22:21.914 [main] INFO  com.gulaev.Main - [Client{clientId=1, firstName='Jone', lastName='Hall', passport=Passport(passportId=123, tin=123456789, dateOfIssue=Sun Jan 15 00:00:00 EET 2023, issuedBy=Some Authority)', bankCards=[BankCard(bankCardId=2, cardNumber=4537 4567 3234 2342, dateEnd=Sat Dec 30 00:00:00 EET 2023, cvv=233, nameOnCard=John Jones, clientId=1), BankCard(bankCardId=2, cardNumber=4537 4567 3234 2342, dateEnd=Sat Dec 30 00:00:00 EET 2023, cvv=233, nameOnCard=John Jones, clientId=1)]'}]
23:22:21.919 [main] INFO  com.gulaev.Main - [CaseType(caseTypeId=1, caseTypeName=Example Case Type, category=null, legalRequirements=Example legal requirements, feesStructure=Example fees structure, averageCaseCost=1000)]
23:22:21.922 [main] INFO  com.gulaev.Main - [BankCard(bankCardId=2, cardNumber=4537 4567 3234 2342, dateEnd=Sat Dec 30 00:00:00 EET 2023, cvv=233, nameOnCard=John Jones, clientId=1)]
23:22:21.926 [main] INFO  com.gulaev.Main - [Lawyer{lawyerId=1, firstName='John', lastName='Fran', officeRoomNumber=101, passport=Passport(passportId=123, tin=123456789, dateOfIssue=Sun Jan 15 00:00:00 EET 2023, issuedBy=Some Authority)}]
23:22:21.928 [main] INFO  com.gulaev.Main - [LawyersOffice(officeId=2, streetAddress=Example Street Address Number Two)]
23:34:58.508 [main] INFO  com.gulaev.Main - [Client{clientId=1, firstName='Jone', lastName='Hall', passport=Passport(passportId=123, tin=123456789, dateOfIssue=Sun Jan 15 00:00:00 EET 2023, issuedBy=Some Authority)', bankCards=[BankCard(bankCardId=2, cardNumber=4537 4567 3234 2342, dateEnd=Sat Dec 30 00:00:00 EET 2023, cvv=233, nameOnCard=John Jones, clientId=1), BankCard(bankCardId=2, cardNumber=4537 4567 3234 2342, dateEnd=Sat Dec 30 00:00:00 EET 2023, cvv=233, nameOnCard=John Jones, clientId=1)]'}]
23:34:58.515 [main] INFO  com.gulaev.Main - [CaseType(caseTypeId=1, caseTypeName=Example Case Type, category=null, legalRequirements=Example legal requirements, feesStructure=Example fees structure, averageCaseCost=1000)]
23:34:58.516 [main] INFO  com.gulaev.Main - [BankCard(bankCardId=2, cardNumber=4537 4567 3234 2342, dateEnd=Sat Dec 30 00:00:00 EET 2023, cvv=233, nameOnCard=John Jones, clientId=1)]
23:34:58.519 [main] INFO  com.gulaev.Main - [Lawyer{lawyerId=1, firstName='John', lastName='Fran', officeRoomNumber=101, passport=Passport(passportId=123, tin=123456789, dateOfIssue=Sun Jan 15 00:00:00 EET 2023, issuedBy=Some Authority)}]
23:34:58.521 [main] INFO  com.gulaev.Main - [LawyersOffice(officeId=2, streetAddress=Example Street Address Number Two)]
23:41:34.979 [main] INFO  com.gulaev.Main - [Client{clientId=1, firstName='Jone', lastName='Hall', passport=Passport(passportId=123, tin=123456789, dateOfIssue=Sun Jan 15 00:00:00 EET 2023, issuedBy=Some Authority)', bankCards=[BankCard(bankCardId=2, cardNumber=4537 4567 3234 2342, dateEnd=Sat Dec 30 00:00:00 EET 2023, cvv=233, nameOnCard=John Jones, clientId=1), BankCard(bankCardId=2, cardNumber=4537 4567 3234 2342, dateEnd=Sat Dec 30 00:00:00 EET 2023, cvv=233, nameOnCard=John Jones, clientId=1)]'}]
23:41:34.985 [main] INFO  com.gulaev.Main - [CaseType(caseTypeId=1, caseTypeName=Example Case Type, category=null, legalRequirements=Example legal requirements, feesStructure=Example fees structure, averageCaseCost=1000)]
23:41:34.987 [main] INFO  com.gulaev.Main - [BankCard(bankCardId=2, cardNumber=4537 4567 3234 2342, dateEnd=Sat Dec 30 00:00:00 EET 2023, cvv=233, nameOnCard=John Jones, clientId=1)]
23:41:34.990 [main] INFO  com.gulaev.Main - [Lawyer{lawyerId=1, firstName='John', lastName='Fran', officeRoomNumber=101, passport=Passport(passportId=123, tin=123456789, dateOfIssue=Sun Jan 15 00:00:00 EET 2023, issuedBy=Some Authority)}]
23:41:34.993 [main] INFO  com.gulaev.Main - [LawyersOffice(officeId=2, streetAddress=Example Street Address Number Two)]
23:42:05.686 [main] INFO  com.gulaev.Main - [Client{clientId=1, firstName='Jone', lastName='Hall', passport=Passport(passportId=123, tin=123456789, dateOfIssue=Sun Jan 15 00:00:00 EET 2023, issuedBy=Some Authority)', bankCards=[BankCard(bankCardId=2, cardNumber=4537 4567 3234 2342, dateEnd=Sat Dec 30 00:00:00 EET 2023, cvv=233, nameOnCard=John Jones, clientId=1), BankCard(bankCardId=2, cardNumber=4537 4567 3234 2342, dateEnd=Sat Dec 30 00:00:00 EET 2023, cvv=233, nameOnCard=John Jones, clientId=1)]'}]
23:42:05.695 [main] INFO  com.gulaev.Main - [CaseType(caseTypeId=1, caseTypeName=Example Case Type, category=null, legalRequirements=Example legal requirements, feesStructure=Example fees structure, averageCaseCost=1000)]
23:42:05.701 [main] INFO  com.gulaev.Main - [BankCard(bankCardId=2, cardNumber=4537 4567 3234 2342, dateEnd=Sat Dec 30 00:00:00 EET 2023, cvv=233, nameOnCard=John Jones, clientId=1)]
23:42:05.708 [main] INFO  com.gulaev.Main - [Lawyer{lawyerId=1, firstName='John', lastName='Fran', officeRoomNumber=101, passport=Passport(passportId=123, tin=123456789, dateOfIssue=Sun Jan 15 00:00:00 EET 2023, issuedBy=Some Authority)}]
23:42:05.711 [main] INFO  com.gulaev.Main - [LawyersOffice(officeId=2, streetAddress=Example Street Address Number Two)]
23:44:15.535 [main] INFO  com.gulaev.Main - [Client{clientId=1, firstName='Jone', lastName='Hall', passport=Passport(passportId=123, tin=123456789, dateOfIssue=Sun Jan 15 00:00:00 EET 2023, issuedBy=Some Authority)', bankCards=[BankCard(bankCardId=2, cardNumber=4537 4567 3234 2342, dateEnd=Sat Dec 30 00:00:00 EET 2023, cvv=233, nameOnCard=John Jones, clientId=1), BankCard(bankCardId=2, cardNumber=4537 4567 3234 2342, dateEnd=Sat Dec 30 00:00:00 EET 2023, cvv=233, nameOnCard=John Jones, clientId=1)]'}]
23:44:15.540 [main] INFO  com.gulaev.Main - [CaseType(caseTypeId=1, caseTypeName=Example Case Type, category=null, legalRequirements=Example legal requirements, feesStructure=Example fees structure, averageCaseCost=1000)]
23:44:15.542 [main] INFO  com.gulaev.Main - [BankCard(bankCardId=2, cardNumber=4537 4567 3234 2342, dateEnd=Sat Dec 30 00:00:00 EET 2023, cvv=233, nameOnCard=John Jones, clientId=1)]
23:44:15.545 [main] INFO  com.gulaev.Main - [Lawyer{lawyerId=1, firstName='John', lastName='Fran', officeRoomNumber=101, passport=Passport(passportId=123, tin=123456789, dateOfIssue=Sun Jan 15 00:00:00 EET 2023, issuedBy=Some Authority)}]
23:44:15.547 [main] INFO  com.gulaev.Main - [LawyersOffice(officeId=2, streetAddress=Example Street Address Number Two)]
23:47:55.784 [main] INFO  com.gulaev.Main - [Client{clientId=1, firstName='Jone', lastName='Hall', passport=Passport(passportId=123, tin=123456789, dateOfIssue=Sun Jan 15 00:00:00 EET 2023, issuedBy=Some Authority)', bankCards=[BankCard(bankCardId=2, cardNumber=4537 4567 3234 2342, dateEnd=Sat Dec 30 00:00:00 EET 2023, cvv=233, nameOnCard=John Jones, clientId=1), BankCard(bankCardId=2, cardNumber=4537 4567 3234 2342, dateEnd=Sat Dec 30 00:00:00 EET 2023, cvv=233, nameOnCard=John Jones, clientId=1)]'}]
23:47:55.790 [main] INFO  com.gulaev.Main - [CaseType(caseTypeId=1, caseTypeName=Example Case Type, category=null, legalRequirements=Example legal requirements, feesStructure=Example fees structure, averageCaseCost=1000)]
23:47:55.794 [main] INFO  com.gulaev.Main - [BankCard(bankCardId=2, cardNumber=4537 4567 3234 2342, dateEnd=Sat Dec 30 00:00:00 EET 2023, cvv=233, nameOnCard=John Jones, clientId=1)]
23:47:55.799 [main] INFO  com.gulaev.Main - [Lawyer{lawyerId=1, firstName='John', lastName='Fran', officeRoomNumber=101, passport=Passport(passportId=123, tin=123456789, dateOfIssue=Sun Jan 15 00:00:00 EET 2023, issuedBy=Some Authority)}]
23:47:55.803 [main] INFO  com.gulaev.Main - [LawyersOffice(officeId=2, streetAddress=Example Street Address Number Two)]
23:48:36.511 [main] INFO  com.gulaev.Main - [Client{clientId=1, firstName='Jone', lastName='Hall', passport=Passport(passportId=123, tin=123456789, dateOfIssue=Sun Jan 15 00:00:00 EET 2023, issuedBy=Some Authority)', bankCards=[BankCard(bankCardId=2, cardNumber=4537 4567 3234 2342, dateEnd=Sat Dec 30 00:00:00 EET 2023, cvv=233, nameOnCard=John Jones, clientId=1), BankCard(bankCardId=2, cardNumber=4537 4567 3234 2342, dateEnd=Sat Dec 30 00:00:00 EET 2023, cvv=233, nameOnCard=John Jones, clientId=1)]'}]
23:48:36.515 [main] INFO  com.gulaev.Main - [CaseType(caseTypeId=1, caseTypeName=Example Case Type, category=null, legalRequirements=Example legal requirements, feesStructure=Example fees structure, averageCaseCost=1000)]
23:48:36.518 [main] INFO  com.gulaev.Main - [BankCard(bankCardId=2, cardNumber=4537 4567 3234 2342, dateEnd=Sat Dec 30 00:00:00 EET 2023, cvv=233, nameOnCard=John Jones, clientId=1)]
23:48:36.521 [main] INFO  com.gulaev.Main - [Lawyer{lawyerId=1, firstName='John', lastName='Fran', officeRoomNumber=101, passport=Passport(passportId=123, tin=123456789, dateOfIssue=Sun Jan 15 00:00:00 EET 2023, issuedBy=Some Authority)}]
23:48:36.523 [main] INFO  com.gulaev.Main - [LawyersOffice(officeId=2, streetAddress=Example Street Address Number Two)]
18:42:11.389 [main] INFO  com.gulaev.Main - [Client{clientId=1, firstName='Jone', lastName='Hall', passport=Passport(passportId=123, tin=123456789, dateOfIssue=Sun Jan 15 00:00:00 EET 2023, issuedBy=Some Authority)', bankCards=[BankCard(bankCardId=2, cardNumber=4537 4567 3234 2342, dateEnd=Sat Dec 30 00:00:00 EET 2023, cvv=233, nameOnCard=John Jones, clientId=1), BankCard(bankCardId=2, cardNumber=4537 4567 3234 2342, dateEnd=Sat Dec 30 00:00:00 EET 2023, cvv=233, nameOnCard=John Jones, clientId=1)]'}]
18:42:11.396 [main] INFO  com.gulaev.Main - [CaseType(caseTypeId=1, caseTypeName=Example Case Type, category=null, legalRequirements=Example legal requirements, feesStructure=Example fees structure, averageCaseCost=1000)]
18:42:11.399 [main] INFO  com.gulaev.Main - [BankCard(bankCardId=2, cardNumber=4537 4567 3234 2342, dateEnd=Sat Dec 30 00:00:00 EET 2023, cvv=233, nameOnCard=John Jones, clientId=1)]
18:42:11.402 [main] INFO  com.gulaev.Main - [Lawyer{lawyerId=1, firstName='John', lastName='Fran', officeRoomNumber=101, passport=Passport(passportId=123, tin=123456789, dateOfIssue=Sun Jan 15 00:00:00 EET 2023, issuedBy=Some Authority)}]
18:42:11.404 [main] INFO  com.gulaev.Main - [LawyersOffice(officeId=2, streetAddress=Example Street Address Number Two)]
18:46:01.634 [main] INFO  com.gulaev.Main - [Client{clientId=1, firstName='Jone', lastName='Hall', passport=Passport(passportId=123, tin=123456789, dateOfIssue=Sun Jan 15 00:00:00 EET 2023, issuedBy=Some Authority)', bankCards=[BankCard(bankCardId=2, cardNumber=4537 4567 3234 2342, dateEnd=Sat Dec 30 00:00:00 EET 2023, cvv=233, nameOnCard=John Jones, clientId=1), BankCard(bankCardId=2, cardNumber=4537 4567 3234 2342, dateEnd=Sat Dec 30 00:00:00 EET 2023, cvv=233, nameOnCard=John Jones, clientId=1)]'}]
18:46:01.647 [main] INFO  com.gulaev.Main - [CaseType(caseTypeId=1, caseTypeName=Example Case Type, category=null, legalRequirements=Example legal requirements, feesStructure=Example fees structure, averageCaseCost=1000)]
18:46:01.653 [main] INFO  com.gulaev.Main - [BankCard(bankCardId=2, cardNumber=4537 4567 3234 2342, dateEnd=Sat Dec 30 00:00:00 EET 2023, cvv=233, nameOnCard=John Jones, clientId=1)]
18:46:01.662 [main] INFO  com.gulaev.Main - [Lawyer{lawyerId=1, firstName='John', lastName='Fran', officeRoomNumber=101, passport=Passport(passportId=123, tin=123456789, dateOfIssue=Sun Jan 15 00:00:00 EET 2023, issuedBy=Some Authority)}]
18:46:01.668 [main] INFO  com.gulaev.Main - [LawyersOffice(officeId=2, streetAddress=Example Street Address Number Two)]
18:49:01.609 [main] INFO  com.gulaev.Main - [Client{clientId=1, firstName='Jone', lastName='Hall', passport=Passport(passportId=123, tin=123456789, dateOfIssue=Sun Jan 15 00:00:00 EET 2023, issuedBy=Some Authority)', bankCards=[BankCard(bankCardId=2, cardNumber=4537 4567 3234 2342, dateEnd=Sat Dec 30 00:00:00 EET 2023, cvv=233, nameOnCard=John Jones, clientId=1), BankCard(bankCardId=2, cardNumber=4537 4567 3234 2342, dateEnd=Sat Dec 30 00:00:00 EET 2023, cvv=233, nameOnCard=John Jones, clientId=1)]'}]
18:49:01.614 [main] INFO  com.gulaev.Main - [CaseType(caseTypeId=1, caseTypeName=Example Case Type, category=null, legalRequirements=Example legal requirements, feesStructure=Example fees structure, averageCaseCost=1000)]
18:49:01.616 [main] INFO  com.gulaev.Main - [BankCard(bankCardId=2, cardNumber=4537 4567 3234 2342, dateEnd=Sat Dec 30 00:00:00 EET 2023, cvv=233, nameOnCard=John Jones, clientId=1)]
18:49:01.619 [main] INFO  com.gulaev.Main - [Lawyer{lawyerId=1, firstName='John', lastName='Fran', officeRoomNumber=101, passport=Passport(passportId=123, tin=123456789, dateOfIssue=Sun Jan 15 00:00:00 EET 2023, issuedBy=Some Authority)}]
18:49:01.621 [main] INFO  com.gulaev.Main - [LawyersOffice(officeId=2, streetAddress=Example Street Address Number Two)]
18:15:49.359 [main] INFO  com.gulaev.Main - [Client{clientId=1, firstName='Jone', lastName='Hall', passport=Passport(passportId=123, tin=123456789, dateOfIssue=Sun Jan 15 00:00:00 EET 2023, issuedBy=Some Authority)', bankCards=[BankCard(bankCardId=2, cardNumber=4537 4567 3234 2342, dateEnd=Sat Dec 30 00:00:00 EET 2023, cvv=233, nameOnCard=John Jones, clientId=1), BankCard(bankCardId=2, cardNumber=4537 4567 3234 2342, dateEnd=Sat Dec 30 00:00:00 EET 2023, cvv=233, nameOnCard=John Jones, clientId=1)]'}]
18:15:49.363 [main] INFO  com.gulaev.Main - [CaseType(caseTypeId=1, caseTypeName=Example Case Type, category=null, legalRequirements=Example legal requirements, feesStructure=Example fees structure, averageCaseCost=1000)]
18:15:49.365 [main] INFO  com.gulaev.Main - [BankCard(bankCardId=2, cardNumber=4537 4567 3234 2342, dateEnd=Sat Dec 30 00:00:00 EET 2023, cvv=233, nameOnCard=John Jones, clientId=1)]
18:15:49.368 [main] INFO  com.gulaev.Main - [Lawyer{lawyerId=1, firstName='John', lastName='Fran', officeRoomNumber=101, passport=Passport(passportId=123, tin=123456789, dateOfIssue=Sun Jan 15 00:00:00 EET 2023, issuedBy=Some Authority)}]
18:15:49.369 [main] INFO  com.gulaev.Main - [LawyersOffice(officeId=2, streetAddress=Example Street Address Number Two)]
18:15:49.510 [main] INFO  com.gulaev.Main - BankCard(bankCardId=1234, cardNumber=1234 5678 9012 3456, dateEnd=Wed Dec 31 02:00:00 EET 2025, cvv=123, nameOnCard=John Doe, clientId=789)
18:15:49.522 [main] INFO  com.gulaev.Main - Client{clientId=1, firstName='Joe', lastName='Doe', passport=Passport(passportId=1, tin=123456789, dateOfIssue=Sun Jan 15 02:00:00 EET 2023, issuedBy=Some Authority)', bankCards=[BankCard(bankCardId=1234, cardNumber=1234 5678 9012 3456, dateEnd=Wed Dec 31 02:00:00 EET 2025, cvv=123, nameOnCard=John Doe, clientId=789), BankCard(bankCardId=124, cardNumber=1234 5678 9012 3456, dateEnd=Wed Dec 31 02:00:00 EET 2025, cvv=123, nameOnCard=John Doe, clientId=789)]'}
18:15:49.526 [main] INFO  com.gulaev.Main - Lawyer{lawyerId=1, firstName='John', lastName='lastName', officeRoomNumber=101, passport=Passport(passportId=1, tin=123456789, dateOfIssue=Sun Jan 15 02:00:00 EET 2023, issuedBy=Some Authority)}
18:15:49.527 [main] INFO  com.gulaev.Main - CaseType(caseTypeId=1, caseTypeName=Example Case Type, category=null, legalRequirements=Example legal requirements, feesStructure=Example fees structure, averageCaseCost=10000)
18:15:49.528 [main] INFO  com.gulaev.Main - LawyersOffice(officeId=2, streetAddress=Example Street Address Number Two)
18:17:24.529 [main] INFO  com.gulaev.Main - [Client{clientId=1, firstName='Jone', lastName='Hall', passport=Passport(passportId=123, tin=123456789, dateOfIssue=Sun Jan 15 00:00:00 EET 2023, issuedBy=Some Authority)', bankCards=[BankCard(bankCardId=2, cardNumber=4537 4567 3234 2342, dateEnd=Sat Dec 30 00:00:00 EET 2023, cvv=233, nameOnCard=John Jones, clientId=1), BankCard(bankCardId=2, cardNumber=4537 4567 3234 2342, dateEnd=Sat Dec 30 00:00:00 EET 2023, cvv=233, nameOnCard=John Jones, clientId=1)]'}]
18:17:24.538 [main] INFO  com.gulaev.Main - [CaseType(caseTypeId=1, caseTypeName=Example Case Type, category=null, legalRequirements=Example legal requirements, feesStructure=Example fees structure, averageCaseCost=1000)]
18:17:24.541 [main] INFO  com.gulaev.Main - [BankCard(bankCardId=2, cardNumber=4537 4567 3234 2342, dateEnd=Sat Dec 30 00:00:00 EET 2023, cvv=233, nameOnCard=John Jones, clientId=1)]
18:17:24.545 [main] INFO  com.gulaev.Main - [Lawyer{lawyerId=1, firstName='John', lastName='Fran', officeRoomNumber=101, passport=Passport(passportId=123, tin=123456789, dateOfIssue=Sun Jan 15 00:00:00 EET 2023, issuedBy=Some Authority)}]
18:17:24.551 [main] INFO  com.gulaev.Main - [LawyersOffice(officeId=2, streetAddress=Example Street Address Number Two)]
18:17:24.675 [main] INFO  com.gulaev.Main - BankCard(bankCardId=1234, cardNumber=1234 5678 9012 3456, dateEnd=Wed Dec 31 02:00:00 EET 2025, cvv=123, nameOnCard=John Doe, clientId=789)
18:17:24.684 [main] INFO  com.gulaev.Main - Client{clientId=1, firstName='Joe', lastName='Doe', passport=Passport(passportId=1, tin=123456789, dateOfIssue=Sun Jan 15 02:00:00 EET 2023, issuedBy=Some Authority)', bankCards=[BankCard(bankCardId=1234, cardNumber=1234 5678 9012 3456, dateEnd=Wed Dec 31 02:00:00 EET 2025, cvv=123, nameOnCard=John Doe, clientId=789), BankCard(bankCardId=124, cardNumber=1234 5678 9012 3456, dateEnd=Wed Dec 31 02:00:00 EET 2025, cvv=123, nameOnCard=John Doe, clientId=789)]'}
18:17:24.688 [main] INFO  com.gulaev.Main - Lawyer{lawyerId=1, firstName='John', lastName='lastName', officeRoomNumber=101, passport=Passport(passportId=1, tin=123456789, dateOfIssue=Sun Jan 15 02:00:00 EET 2023, issuedBy=Some Authority)}
18:17:24.689 [main] INFO  com.gulaev.Main - CaseType(caseTypeId=1, caseTypeName=Example Case Type, category=null, legalRequirements=Example legal requirements, feesStructure=Example fees structure, averageCaseCost=10000)
18:17:24.690 [main] INFO  com.gulaev.Main - LawyersOffice(officeId=2, streetAddress=Example Street Address Number Two)
18:19:05.993 [main] INFO  com.gulaev.Main - [Client{clientId=1, firstName='Jone', lastName='Hall', passport=Passport(passportId=123, tin=123456789, dateOfIssue=Sun Jan 15 00:00:00 EET 2023, issuedBy=Some Authority)', bankCards=[BankCard(bankCardId=2, cardNumber=4537 4567 3234 2342, dateEnd=Sat Dec 30 00:00:00 EET 2023, cvv=233, nameOnCard=John Jones, clientId=1), BankCard(bankCardId=2, cardNumber=4537 4567 3234 2342, dateEnd=Sat Dec 30 00:00:00 EET 2023, cvv=233, nameOnCard=John Jones, clientId=1)]'}]
18:19:05.998 [main] INFO  com.gulaev.Main - [CaseType(caseTypeId=1, caseTypeName=Example Case Type, category=null, legalRequirements=Example legal requirements, feesStructure=Example fees structure, averageCaseCost=1000)]
18:19:06.000 [main] INFO  com.gulaev.Main - [BankCard(bankCardId=2, cardNumber=4537 4567 3234 2342, dateEnd=Sat Dec 30 00:00:00 EET 2023, cvv=233, nameOnCard=John Jones, clientId=1)]
18:19:06.003 [main] INFO  com.gulaev.Main - [Lawyer{lawyerId=1, firstName='John', lastName='Fran', officeRoomNumber=101, passport=Passport(passportId=123, tin=123456789, dateOfIssue=Sun Jan 15 00:00:00 EET 2023, issuedBy=Some Authority)}]
18:19:06.005 [main] INFO  com.gulaev.Main - [LawyersOffice(officeId=2, streetAddress=Example Street Address Number Two)]
18:19:06.111 [main] INFO  com.gulaev.Main - BankCard(bankCardId=1234, cardNumber=1234 5678 9012 3456, dateEnd=Wed Dec 31 02:00:00 EET 2025, cvv=123, nameOnCard=John Doe, clientId=789)
18:19:06.120 [main] INFO  com.gulaev.Main - Client{clientId=1, firstName='Joe', lastName='Doe', passport=Passport(passportId=1, tin=123456789, dateOfIssue=Sun Jan 15 02:00:00 EET 2023, issuedBy=Some Authority)', bankCards=[BankCard(bankCardId=1234, cardNumber=1234 5678 9012 3456, dateEnd=Wed Dec 31 02:00:00 EET 2025, cvv=123, nameOnCard=John Doe, clientId=789), BankCard(bankCardId=124, cardNumber=1234 5678 9012 3456, dateEnd=Wed Dec 31 02:00:00 EET 2025, cvv=123, nameOnCard=John Doe, clientId=789)]'}
18:19:06.124 [main] INFO  com.gulaev.Main - Lawyer{lawyerId=1, firstName='John', lastName='lastName', officeRoomNumber=101, passport=Passport(passportId=1, tin=123456789, dateOfIssue=Sun Jan 15 02:00:00 EET 2023, issuedBy=Some Authority)}
18:19:06.125 [main] INFO  com.gulaev.Main - CaseType(caseTypeId=1, caseTypeName=Example Case Type, category=null, legalRequirements=Example legal requirements, feesStructure=Example fees structure, averageCaseCost=10000)
18:19:06.125 [main] INFO  com.gulaev.Main - LawyersOffice(officeId=2, streetAddress=Example Street Address Number Two)
18:19:59.950 [main] INFO  com.gulaev.Main - [Client{clientId=1, firstName='Jone', lastName='Hall', passport=Passport(passportId=123, tin=123456789, dateOfIssue=Sun Jan 15 00:00:00 EET 2023, issuedBy=Some Authority)', bankCards=[BankCard(bankCardId=2, cardNumber=4537 4567 3234 2342, dateEnd=Sat Dec 30 00:00:00 EET 2023, cvv=233, nameOnCard=John Jones, clientId=1), BankCard(bankCardId=2, cardNumber=4537 4567 3234 2342, dateEnd=Sat Dec 30 00:00:00 EET 2023, cvv=233, nameOnCard=John Jones, clientId=1)]'}]
18:19:59.955 [main] INFO  com.gulaev.Main - [CaseType(caseTypeId=1, caseTypeName=Example Case Type, category=null, legalRequirements=Example legal requirements, feesStructure=Example fees structure, averageCaseCost=1000)]
18:19:59.957 [main] INFO  com.gulaev.Main - [BankCard(bankCardId=2, cardNumber=4537 4567 3234 2342, dateEnd=Sat Dec 30 00:00:00 EET 2023, cvv=233, nameOnCard=John Jones, clientId=1)]
18:19:59.960 [main] INFO  com.gulaev.Main - [Lawyer{lawyerId=1, firstName='John', lastName='Fran', officeRoomNumber=101, passport=Passport(passportId=123, tin=123456789, dateOfIssue=Sun Jan 15 00:00:00 EET 2023, issuedBy=Some Authority)}]
18:19:59.962 [main] INFO  com.gulaev.Main - [LawyersOffice(officeId=2, streetAddress=Example Street Address Number Two)]
18:20:00.064 [main] INFO  com.gulaev.Main - BankCard(bankCardId=1234, cardNumber=1234 5678 9012 3456, dateEnd=Wed Dec 31 02:00:00 EET 2025, cvv=123, nameOnCard=John Doe, clientId=789)
18:20:00.073 [main] INFO  com.gulaev.Main - Client{clientId=1, firstName='Joe', lastName='Doe', passport=Passport(passportId=1, tin=123456789, dateOfIssue=Sun Jan 15 02:00:00 EET 2023, issuedBy=Some Authority)', bankCards=[BankCard(bankCardId=1234, cardNumber=1234 5678 9012 3456, dateEnd=Wed Dec 31 02:00:00 EET 2025, cvv=123, nameOnCard=John Doe, clientId=789), BankCard(bankCardId=124, cardNumber=1234 5678 9012 3456, dateEnd=Wed Dec 31 02:00:00 EET 2025, cvv=123, nameOnCard=John Doe, clientId=789)]'}
18:20:00.077 [main] INFO  com.gulaev.Main - Lawyer{lawyerId=1, firstName='John', lastName='lastName', officeRoomNumber=101, passport=Passport(passportId=1, tin=123456789, dateOfIssue=Sun Jan 15 02:00:00 EET 2023, issuedBy=Some Authority)}
18:20:00.078 [main] INFO  com.gulaev.Main - CaseType(caseTypeId=1, caseTypeName=Example Case Type, category=null, legalRequirements=Example legal requirements, feesStructure=Example fees structure, averageCaseCost=10000)
18:20:00.079 [main] INFO  com.gulaev.Main - LawyersOffice(officeId=2, streetAddress=Example Street Address Number Two)
18:21:01.358 [main] INFO  com.gulaev.Main - [Client{clientId=1, firstName='Jone', lastName='Hall', passport=Passport(passportId=123, tin=123456789, dateOfIssue=Sun Jan 15 00:00:00 EET 2023, issuedBy=Some Authority)', bankCards=[BankCard(bankCardId=2, cardNumber=4537 4567 3234 2342, dateEnd=Sat Dec 30 00:00:00 EET 2023, cvv=233, nameOnCard=John Jones, clientId=1), BankCard(bankCardId=2, cardNumber=4537 4567 3234 2342, dateEnd=Sat Dec 30 00:00:00 EET 2023, cvv=233, nameOnCard=John Jones, clientId=1)]'}]
18:21:01.362 [main] INFO  com.gulaev.Main - [CaseType(caseTypeId=1, caseTypeName=Example Case Type, category=null, legalRequirements=Example legal requirements, feesStructure=Example fees structure, averageCaseCost=1000)]
18:21:01.364 [main] INFO  com.gulaev.Main - [BankCard(bankCardId=2, cardNumber=4537 4567 3234 2342, dateEnd=Sat Dec 30 00:00:00 EET 2023, cvv=233, nameOnCard=John Jones, clientId=1)]
18:21:01.367 [main] INFO  com.gulaev.Main - [Lawyer{lawyerId=1, firstName='John', lastName='Fran', officeRoomNumber=101, passport=Passport(passportId=123, tin=123456789, dateOfIssue=Sun Jan 15 00:00:00 EET 2023, issuedBy=Some Authority)}]
18:21:01.369 [main] INFO  com.gulaev.Main - [LawyersOffice(officeId=2, streetAddress=Example Street Address Number Two)]
18:21:01.471 [main] INFO  com.gulaev.Main - BankCard(bankCardId=1234, cardNumber=1234 5678 9012 3456, dateEnd=Wed Dec 31 02:00:00 EET 2025, cvv=123, nameOnCard=John Doe, clientId=789)
18:21:01.480 [main] INFO  com.gulaev.Main - Client{clientId=1, firstName='Joe', lastName='Doe', passport=Passport(passportId=1, tin=123456789, dateOfIssue=Sun Jan 15 02:00:00 EET 2023, issuedBy=Some Authority)', bankCards=[BankCard(bankCardId=1234, cardNumber=1234 5678 9012 3456, dateEnd=Wed Dec 31 02:00:00 EET 2025, cvv=123, nameOnCard=John Doe, clientId=789), BankCard(bankCardId=124, cardNumber=1234 5678 9012 3456, dateEnd=Wed Dec 31 02:00:00 EET 2025, cvv=123, nameOnCard=John Doe, clientId=789)]'}
18:21:01.485 [main] INFO  com.gulaev.Main - Lawyer{lawyerId=1, firstName='John', lastName='lastName', officeRoomNumber=101, passport=Passport(passportId=1, tin=123456789, dateOfIssue=Sun Jan 15 02:00:00 EET 2023, issuedBy=Some Authority)}
18:21:01.486 [main] INFO  com.gulaev.Main - CaseType(caseTypeId=1, caseTypeName=Example Case Type, category=null, legalRequirements=Example legal requirements, feesStructure=Example fees structure, averageCaseCost=10000)
18:21:01.486 [main] INFO  com.gulaev.Main - LawyersOffice(officeId=2, streetAddress=Example Street Address Number Two)
